{"timestamp": "2025-07-23 14:52:06", "level": "INFO", "logger": "src.weather_map.weather_app", "module": "weather_app", "function": "_initialize_api_key", "line": 59, "message": "API key retrieved successfully from Vault."}
{"timestamp": "2025-07-23 14:52:11", "level": "INFO", "logger": "src.weather_map.weather_app", "module": "weather_app", "function": "_initialize_api_key", "line": 59, "message": "API key retrieved successfully from Vault."}
{"timestamp": "2025-07-23 14:52:11", "level": "INFO", "logger": "src.weather_map.weather_app", "module": "logging_config", "function": "__enter__", "line": 194, "message": "Starting operation: process_city_weather_New York"}
{"timestamp": "2025-07-23 14:52:11", "level": "INFO", "logger": "src.weather_map.weather_app", "module": "logging_config", "function": "__enter__", "line": 194, "message": "Starting operation: get_coordinates_New York"}
{"timestamp": "2025-07-23 14:52:11", "level": "INFO", "logger": "src.weather_map.weather_app", "module": "weather_app", "function": "_process_city_weather", "line": 321, "message": "Processing weather request for: New York, , "}
{"timestamp": "2025-07-23 14:52:11", "level": "INFO", "logger": "src.weather_map.weather_app", "module": "logging_config", "function": "__exit__", "line": 203, "message": "Completed operation: get_coordinates_New York in 0.335s"}
{"timestamp": "2025-07-23 14:52:11", "level": "INFO", "logger": "src.weather_map.weather_app", "module": "weather_app", "function": "_process_city_weather", "line": 331, "message": "Using coordinates: (40.7127281, -74.0060152) for New York"}
{"timestamp": "2025-07-23 14:52:11", "level": "INFO", "logger": "src.weather_map.weather_app", "module": "logging_config", "function": "__enter__", "line": 194, "message": "Starting operation: create_map_New York"}
{"timestamp": "2025-07-23 14:52:11", "level": "INFO", "logger": "src.weather_map.weather_app", "module": "logging_config", "function": "__exit__", "line": 203, "message": "Completed operation: create_map_New York in 0.018s"}
{"timestamp": "2025-07-23 14:52:11", "level": "INFO", "logger": "src.weather_map.weather_app", "module": "logging_config", "function": "__enter__", "line": 194, "message": "Starting operation: get_weather_data_New York"}
{"timestamp": "2025-07-23 14:52:11", "level": "INFO", "logger": "src.weather_map.weather_app", "module": "weather_app", "function": "_initialize_api_key", "line": 59, "message": "API key retrieved successfully from Vault."}
{"timestamp": "2025-07-23 14:52:11", "level": "INFO", "logger": "src.weather_map.weather_app", "module": "logging_config", "function": "__enter__", "line": 194, "message": "Starting operation: process_city_weather_New York"}
{"timestamp": "2025-07-23 14:52:11", "level": "INFO", "logger": "src.weather_map.weather_app", "module": "logging_config", "function": "__enter__", "line": 194, "message": "Starting operation: get_coordinates_New York"}
{"timestamp": "2025-07-23 14:52:11", "level": "INFO", "logger": "src.weather_map.weather_app", "module": "logging_config", "function": "__exit__", "line": 203, "message": "Completed operation: get_weather_data_New York in 0.080s"}
{"timestamp": "2025-07-23 14:52:11", "level": "INFO", "logger": "src.weather_map.weather_app", "module": "weather_app", "function": "_process_city_weather", "line": 348, "message": "Successfully processed weather data for New York"}
{"timestamp": "2025-07-23 14:52:11", "level": "INFO", "logger": "src.weather_map.weather_app", "module": "logging_config", "function": "__enter__", "line": 194, "message": "Starting operation: display_current_weather_New York"}
{"timestamp": "2025-07-23 14:52:11", "level": "ERROR", "logger": "src.weather_map.weather_app", "module": "logging_config", "function": "__exit__", "line": 205, "message": "Failed operation: display_current_weather_New York after 0.001s - "}
{"timestamp": "2025-07-23 14:52:11", "level": "ERROR", "logger": "src.weather_map.weather_app", "module": "logging_config", "function": "__exit__", "line": 205, "message": "Failed operation: process_city_weather_New York after 0.436s - "}
{"timestamp": "2025-07-23 14:52:11", "level": "INFO", "logger": "src.weather_map.weather_app", "module": "weather_app", "function": "_process_city_weather", "line": 321, "message": "Processing weather request for: New York, , "}
{"timestamp": "2025-07-23 14:52:11", "level": "INFO", "logger": "src.weather_map.weather_app", "module": "logging_config", "function": "__exit__", "line": 203, "message": "Completed operation: get_coordinates_New York in 0.066s"}
{"timestamp": "2025-07-23 14:52:11", "level": "INFO", "logger": "src.weather_map.weather_app", "module": "weather_app", "function": "_process_city_weather", "line": 331, "message": "Using coordinates: (40.7127281, -74.0060152) for New York"}
{"timestamp": "2025-07-23 14:52:11", "level": "INFO", "logger": "src.weather_map.weather_app", "module": "logging_config", "function": "__enter__", "line": 194, "message": "Starting operation: create_map_New York"}
{"timestamp": "2025-07-23 14:52:11", "level": "INFO", "logger": "src.weather_map.weather_app", "module": "logging_config", "function": "__exit__", "line": 203, "message": "Completed operation: create_map_New York in 0.011s"}
{"timestamp": "2025-07-23 14:52:11", "level": "INFO", "logger": "src.weather_map.weather_app", "module": "logging_config", "function": "__enter__", "line": 194, "message": "Starting operation: get_weather_data_New York"}
{"timestamp": "2025-07-23 14:52:11", "level": "INFO", "logger": "src.weather_map.weather_app", "module": "logging_config", "function": "__exit__", "line": 203, "message": "Completed operation: get_weather_data_New York in 0.048s"}
{"timestamp": "2025-07-23 14:52:11", "level": "INFO", "logger": "src.weather_map.weather_app", "module": "weather_app", "function": "_process_city_weather", "line": 348, "message": "Successfully processed weather data for New York"}
{"timestamp": "2025-07-23 14:52:11", "level": "INFO", "logger": "src.weather_map.weather_app", "module": "logging_config", "function": "__enter__", "line": 194, "message": "Starting operation: display_current_weather_New York"}
{"timestamp": "2025-07-23 14:52:11", "level": "INFO", "logger": "src.weather_map.weather_app", "module": "logging_config", "function": "__exit__", "line": 203, "message": "Completed operation: display_current_weather_New York in 0.133s"}
{"timestamp": "2025-07-23 14:52:11", "level": "INFO", "logger": "src.weather_map.weather_app", "module": "logging_config", "function": "__exit__", "line": 203, "message": "Completed operation: process_city_weather_New York in 0.261s"}
{"timestamp": "2025-07-23 14:52:11", "level": "INFO", "logger": "src.weather_map.weather_app", "module": "logging_config", "function": "__enter__", "line": 194, "message": "Starting operation: create_hourly_forecast_New York"}
{"timestamp": "2025-07-23 14:52:11", "level": "INFO", "logger": "src.weather_map.weather_app", "module": "weather_app", "function": "_process_city_weather", "line": 365, "message": "Displayed hourly forecast with 48 entries"}
{"timestamp": "2025-07-23 14:52:11", "level": "INFO", "logger": "src.weather_map.weather_app", "module": "logging_config", "function": "__exit__", "line": 203, "message": "Completed operation: create_hourly_forecast_New York in 0.007s"}
{"timestamp": "2025-07-23 15:26:29", "level": "INFO", "logger": "src.weather_map.weather_app", "module": "weather_app", "function": "_initialize_api_key", "line": 59, "message": "API key retrieved successfully from Vault."}
{"timestamp": "2025-07-23 15:26:29", "level": "INFO", "logger": "src.weather_map.weather_app", "module": "logging_config", "function": "__enter__", "line": 194, "message": "Starting operation: process_city_weather_Tampa"}
{"timestamp": "2025-07-23 15:26:29", "level": "INFO", "logger": "src.weather_map.weather_app", "module": "logging_config", "function": "__enter__", "line": 194, "message": "Starting operation: get_coordinates_Tampa"}
{"timestamp": "2025-07-23 15:26:29", "level": "INFO", "logger": "src.weather_map.weather_app", "module": "weather_app", "function": "_process_city_weather", "line": 321, "message": "Processing weather request for: Tampa, , "}
{"timestamp": "2025-07-23 15:26:29", "level": "INFO", "logger": "src.weather_map.weather_app", "module": "logging_config", "function": "__exit__", "line": 203, "message": "Completed operation: get_coordinates_Tampa in 0.366s"}
{"timestamp": "2025-07-23 15:26:29", "level": "INFO", "logger": "src.weather_map.weather_app", "module": "weather_app", "function": "_process_city_weather", "line": 331, "message": "Using coordinates: (27.9477595, -82.458444) for Tampa"}
{"timestamp": "2025-07-23 15:26:29", "level": "INFO", "logger": "src.weather_map.weather_app", "module": "logging_config", "function": "__enter__", "line": 194, "message": "Starting operation: create_map_Tampa"}
{"timestamp": "2025-07-23 15:26:29", "level": "INFO", "logger": "src.weather_map.weather_app", "module": "logging_config", "function": "__exit__", "line": 203, "message": "Completed operation: create_map_Tampa in 0.012s"}
{"timestamp": "2025-07-23 15:26:29", "level": "INFO", "logger": "src.weather_map.weather_app", "module": "logging_config", "function": "__enter__", "line": 194, "message": "Starting operation: get_weather_data_Tampa"}
{"timestamp": "2025-07-23 15:26:30", "level": "INFO", "logger": "src.weather_map.weather_app", "module": "logging_config", "function": "__exit__", "line": 203, "message": "Completed operation: get_weather_data_Tampa in 0.115s"}
{"timestamp": "2025-07-23 15:26:30", "level": "INFO", "logger": "src.weather_map.weather_app", "module": "weather_app", "function": "_process_city_weather", "line": 348, "message": "Successfully processed weather data for Tampa"}
{"timestamp": "2025-07-23 15:26:30", "level": "INFO", "logger": "src.weather_map.weather_app", "module": "logging_config", "function": "__enter__", "line": 194, "message": "Starting operation: display_current_weather_Tampa"}
{"timestamp": "2025-07-23 15:26:30", "level": "INFO", "logger": "src.weather_map.weather_app", "module": "logging_config", "function": "__exit__", "line": 203, "message": "Completed operation: display_current_weather_Tampa in 0.004s"}
{"timestamp": "2025-07-23 15:26:30", "level": "INFO", "logger": "src.weather_map.weather_app", "module": "logging_config", "function": "__exit__", "line": 203, "message": "Completed operation: process_city_weather_Tampa in 0.502s"}
{"timestamp": "2025-07-23 15:26:30", "level": "INFO", "logger": "src.weather_map.weather_app", "module": "logging_config", "function": "__enter__", "line": 194, "message": "Starting operation: create_hourly_forecast_Tampa"}
{"timestamp": "2025-07-23 15:26:30", "level": "INFO", "logger": "src.weather_map.weather_app", "module": "weather_app", "function": "_process_city_weather", "line": 365, "message": "Displayed hourly forecast with 48 entries"}
{"timestamp": "2025-07-23 15:26:30", "level": "INFO", "logger": "src.weather_map.weather_app", "module": "logging_config", "function": "__exit__", "line": 203, "message": "Completed operation: create_hourly_forecast_Tampa in 0.005s"}
{"timestamp": "2025-07-23 15:26:30", "level": "INFO", "logger": "src.weather_map.weather_app", "module": "weather_app", "function": "_initialize_api_key", "line": 59, "message": "API key retrieved successfully from Vault."}
{"timestamp": "2025-07-23 15:26:30", "level": "INFO", "logger": "src.weather_map.weather_app", "module": "logging_config", "function": "__enter__", "line": 194, "message": "Starting operation: process_city_weather_Tampa"}
{"timestamp": "2025-07-23 15:26:30", "level": "INFO", "logger": "src.weather_map.weather_app", "module": "logging_config", "function": "__enter__", "line": 194, "message": "Starting operation: get_coordinates_Tampa"}
{"timestamp": "2025-07-23 15:26:30", "level": "INFO", "logger": "src.weather_map.weather_app", "module": "weather_app", "function": "_process_city_weather", "line": 321, "message": "Processing weather request for: Tampa, , "}
{"timestamp": "2025-07-23 15:26:30", "level": "INFO", "logger": "src.weather_map.weather_app", "module": "logging_config", "function": "__exit__", "line": 203, "message": "Completed operation: get_coordinates_Tampa in 0.053s"}
{"timestamp": "2025-07-23 15:26:30", "level": "INFO", "logger": "src.weather_map.weather_app", "module": "weather_app", "function": "_process_city_weather", "line": 331, "message": "Using coordinates: (27.9477595, -82.458444) for Tampa"}
{"timestamp": "2025-07-23 15:26:30", "level": "INFO", "logger": "src.weather_map.weather_app", "module": "logging_config", "function": "__enter__", "line": 194, "message": "Starting operation: create_map_Tampa"}
{"timestamp": "2025-07-23 15:26:30", "level": "INFO", "logger": "src.weather_map.weather_app", "module": "logging_config", "function": "__exit__", "line": 203, "message": "Completed operation: create_map_Tampa in 0.011s"}
{"timestamp": "2025-07-23 15:26:30", "level": "INFO", "logger": "src.weather_map.weather_app", "module": "logging_config", "function": "__enter__", "line": 194, "message": "Starting operation: get_weather_data_Tampa"}
{"timestamp": "2025-07-23 15:26:30", "level": "INFO", "logger": "src.weather_map.weather_app", "module": "logging_config", "function": "__exit__", "line": 203, "message": "Completed operation: get_weather_data_Tampa in 0.052s"}
{"timestamp": "2025-07-23 15:26:30", "level": "INFO", "logger": "src.weather_map.weather_app", "module": "weather_app", "function": "_process_city_weather", "line": 348, "message": "Successfully processed weather data for Tampa"}
{"timestamp": "2025-07-23 15:26:30", "level": "INFO", "logger": "src.weather_map.weather_app", "module": "logging_config", "function": "__enter__", "line": 194, "message": "Starting operation: display_current_weather_Tampa"}
{"timestamp": "2025-07-23 15:26:30", "level": "INFO", "logger": "src.weather_map.weather_app", "module": "logging_config", "function": "__exit__", "line": 203, "message": "Completed operation: display_current_weather_Tampa in 0.002s"}
{"timestamp": "2025-07-23 15:26:30", "level": "INFO", "logger": "src.weather_map.weather_app", "module": "logging_config", "function": "__exit__", "line": 203, "message": "Completed operation: process_city_weather_Tampa in 0.122s"}
{"timestamp": "2025-07-23 15:26:30", "level": "INFO", "logger": "src.weather_map.weather_app", "module": "logging_config", "function": "__enter__", "line": 194, "message": "Starting operation: create_hourly_forecast_Tampa"}
{"timestamp": "2025-07-23 15:26:30", "level": "INFO", "logger": "src.weather_map.weather_app", "module": "weather_app", "function": "_process_city_weather", "line": 365, "message": "Displayed hourly forecast with 48 entries"}
{"timestamp": "2025-07-23 15:26:30", "level": "INFO", "logger": "src.weather_map.weather_app", "module": "logging_config", "function": "__exit__", "line": 203, "message": "Completed operation: create_hourly_forecast_Tampa in 0.004s"}
{"timestamp": "2025-07-23 15:30:58", "level": "INFO", "logger": "src.weather_map.weather_app", "module": "weather_app", "function": "_initialize_api_key", "line": 59, "message": "API key retrieved successfully from Vault."}
{"timestamp": "2025-07-23 15:31:01", "level": "INFO", "logger": "src.weather_map.weather_app", "module": "weather_app", "function": "_initialize_api_key", "line": 59, "message": "API key retrieved successfully from Vault."}
{"timestamp": "2025-07-23 15:31:01", "level": "INFO", "logger": "src.weather_map.weather_app", "module": "logging_config", "function": "__enter__", "line": 194, "message": "Starting operation: process_city_weather_New York"}
{"timestamp": "2025-07-23 15:31:01", "level": "INFO", "logger": "src.weather_map.weather_app", "module": "logging_config", "function": "__enter__", "line": 194, "message": "Starting operation: get_coordinates_New York"}
{"timestamp": "2025-07-23 15:31:01", "level": "INFO", "logger": "src.weather_map.weather_app", "module": "weather_app", "function": "_process_city_weather", "line": 321, "message": "Processing weather request for: New York, , "}
{"timestamp": "2025-07-23 15:31:01", "level": "INFO", "logger": "src.weather_map.weather_app", "module": "logging_config", "function": "__exit__", "line": 203, "message": "Completed operation: get_coordinates_New York in 0.159s"}
{"timestamp": "2025-07-23 15:31:01", "level": "INFO", "logger": "src.weather_map.weather_app", "module": "weather_app", "function": "_process_city_weather", "line": 331, "message": "Using coordinates: (40.7127281, -74.0060152) for New York"}
{"timestamp": "2025-07-23 15:31:01", "level": "INFO", "logger": "src.weather_map.weather_app", "module": "logging_config", "function": "__enter__", "line": 194, "message": "Starting operation: create_map_New York"}
{"timestamp": "2025-07-23 15:31:01", "level": "INFO", "logger": "src.weather_map.weather_app", "module": "logging_config", "function": "__exit__", "line": 203, "message": "Completed operation: create_map_New York in 0.013s"}
{"timestamp": "2025-07-23 15:31:01", "level": "INFO", "logger": "src.weather_map.weather_app", "module": "logging_config", "function": "__enter__", "line": 194, "message": "Starting operation: get_weather_data_New York"}
{"timestamp": "2025-07-23 15:31:01", "level": "INFO", "logger": "src.weather_map.weather_app", "module": "weather_app", "function": "_initialize_api_key", "line": 59, "message": "API key retrieved successfully from Vault."}
{"timestamp": "2025-07-23 15:31:01", "level": "INFO", "logger": "src.weather_map.weather_app", "module": "logging_config", "function": "__enter__", "line": 194, "message": "Starting operation: process_city_weather_New York"}
{"timestamp": "2025-07-23 15:31:01", "level": "INFO", "logger": "src.weather_map.weather_app", "module": "logging_config", "function": "__enter__", "line": 194, "message": "Starting operation: get_coordinates_New York"}
{"timestamp": "2025-07-23 15:31:01", "level": "INFO", "logger": "src.weather_map.weather_app", "module": "logging_config", "function": "__exit__", "line": 203, "message": "Completed operation: get_weather_data_New York in 0.070s"}
{"timestamp": "2025-07-23 15:31:01", "level": "INFO", "logger": "src.weather_map.weather_app", "module": "weather_app", "function": "_process_city_weather", "line": 348, "message": "Successfully processed weather data for New York"}
{"timestamp": "2025-07-23 15:31:01", "level": "INFO", "logger": "src.weather_map.weather_app", "module": "logging_config", "function": "__enter__", "line": 194, "message": "Starting operation: display_current_weather_New York"}
{"timestamp": "2025-07-23 15:31:01", "level": "ERROR", "logger": "src.weather_map.weather_app", "module": "logging_config", "function": "__exit__", "line": 205, "message": "Failed operation: display_current_weather_New York after 0.000s - "}
{"timestamp": "2025-07-23 15:31:01", "level": "ERROR", "logger": "src.weather_map.weather_app", "module": "logging_config", "function": "__exit__", "line": 205, "message": "Failed operation: process_city_weather_New York after 0.245s - "}
{"timestamp": "2025-07-23 15:31:01", "level": "INFO", "logger": "src.weather_map.weather_app", "module": "weather_app", "function": "_process_city_weather", "line": 321, "message": "Processing weather request for: New York, , "}
{"timestamp": "2025-07-23 15:31:01", "level": "INFO", "logger": "src.weather_map.weather_app", "module": "logging_config", "function": "__exit__", "line": 203, "message": "Completed operation: get_coordinates_New York in 0.065s"}
{"timestamp": "2025-07-23 15:31:01", "level": "INFO", "logger": "src.weather_map.weather_app", "module": "weather_app", "function": "_process_city_weather", "line": 331, "message": "Using coordinates: (40.7127281, -74.0060152) for New York"}
{"timestamp": "2025-07-23 15:31:01", "level": "INFO", "logger": "src.weather_map.weather_app", "module": "logging_config", "function": "__enter__", "line": 194, "message": "Starting operation: create_map_New York"}
{"timestamp": "2025-07-23 15:31:01", "level": "INFO", "logger": "src.weather_map.weather_app", "module": "logging_config", "function": "__exit__", "line": 203, "message": "Completed operation: create_map_New York in 0.011s"}
{"timestamp": "2025-07-23 15:31:01", "level": "INFO", "logger": "src.weather_map.weather_app", "module": "logging_config", "function": "__enter__", "line": 194, "message": "Starting operation: get_weather_data_New York"}
{"timestamp": "2025-07-23 15:31:01", "level": "INFO", "logger": "src.weather_map.weather_app", "module": "logging_config", "function": "__exit__", "line": 203, "message": "Completed operation: get_weather_data_New York in 0.051s"}
{"timestamp": "2025-07-23 15:31:01", "level": "INFO", "logger": "src.weather_map.weather_app", "module": "weather_app", "function": "_process_city_weather", "line": 348, "message": "Successfully processed weather data for New York"}
{"timestamp": "2025-07-23 15:31:01", "level": "INFO", "logger": "src.weather_map.weather_app", "module": "logging_config", "function": "__enter__", "line": 194, "message": "Starting operation: display_current_weather_New York"}
{"timestamp": "2025-07-23 15:31:02", "level": "INFO", "logger": "src.weather_map.weather_app", "module": "logging_config", "function": "__exit__", "line": 203, "message": "Completed operation: display_current_weather_New York in 0.080s"}
{"timestamp": "2025-07-23 15:31:02", "level": "INFO", "logger": "src.weather_map.weather_app", "module": "logging_config", "function": "__exit__", "line": 203, "message": "Completed operation: process_city_weather_New York in 0.211s"}
{"timestamp": "2025-07-23 15:31:02", "level": "INFO", "logger": "src.weather_map.weather_app", "module": "logging_config", "function": "__enter__", "line": 194, "message": "Starting operation: create_hourly_forecast_New York"}
{"timestamp": "2025-07-23 15:31:02", "level": "INFO", "logger": "src.weather_map.weather_app", "module": "weather_app", "function": "_process_city_weather", "line": 365, "message": "Displayed hourly forecast with 48 entries"}
{"timestamp": "2025-07-23 15:31:02", "level": "INFO", "logger": "src.weather_map.weather_app", "module": "logging_config", "function": "__exit__", "line": 203, "message": "Completed operation: create_hourly_forecast_New York in 0.006s"}
{"timestamp": "2025-07-23 15:31:28", "level": "INFO", "logger": "src.weather_map.weather_app", "module": "weather_app", "function": "_initialize_api_key", "line": 59, "message": "API key retrieved successfully from Vault."}
{"timestamp": "2025-07-23 15:31:28", "level": "INFO", "logger": "src.weather_map.weather_app", "module": "logging_config", "function": "__enter__", "line": 194, "message": "Starting operation: process_city_weather_Ham"}
{"timestamp": "2025-07-23 15:31:28", "level": "INFO", "logger": "src.weather_map.weather_app", "module": "logging_config", "function": "__enter__", "line": 194, "message": "Starting operation: get_coordinates_Ham"}
{"timestamp": "2025-07-23 15:31:28", "level": "INFO", "logger": "src.weather_map.weather_app", "module": "weather_app", "function": "_process_city_weather", "line": 321, "message": "Processing weather request for: Ham, , "}
{"timestamp": "2025-07-23 15:31:28", "level": "INFO", "logger": "src.weather_map.weather_app", "module": "logging_config", "function": "__exit__", "line": 203, "message": "Completed operation: get_coordinates_Ham in 0.135s"}
{"timestamp": "2025-07-23 15:31:28", "level": "INFO", "logger": "src.weather_map.weather_app", "module": "weather_app", "function": "_process_city_weather", "line": 331, "message": "Using coordinates: (49.746322, 3.0733031) for Ham"}
{"timestamp": "2025-07-23 15:31:28", "level": "INFO", "logger": "src.weather_map.weather_app", "module": "logging_config", "function": "__enter__", "line": 194, "message": "Starting operation: create_map_Ham"}
{"timestamp": "2025-07-23 15:31:28", "level": "INFO", "logger": "src.weather_map.weather_app", "module": "logging_config", "function": "__exit__", "line": 203, "message": "Completed operation: create_map_Ham in 0.011s"}
{"timestamp": "2025-07-23 15:31:28", "level": "INFO", "logger": "src.weather_map.weather_app", "module": "logging_config", "function": "__enter__", "line": 194, "message": "Starting operation: get_weather_data_Ham"}
{"timestamp": "2025-07-23 15:31:28", "level": "INFO", "logger": "src.weather_map.weather_app", "module": "weather_app", "function": "_initialize_api_key", "line": 59, "message": "API key retrieved successfully from Vault."}
{"timestamp": "2025-07-23 15:31:28", "level": "INFO", "logger": "src.weather_map.weather_app", "module": "logging_config", "function": "__enter__", "line": 194, "message": "Starting operation: process_city_weather_Ham"}
{"timestamp": "2025-07-23 15:31:28", "level": "INFO", "logger": "src.weather_map.weather_app", "module": "logging_config", "function": "__enter__", "line": 194, "message": "Starting operation: get_coordinates_Ham"}
{"timestamp": "2025-07-23 15:31:28", "level": "INFO", "logger": "src.weather_map.weather_app", "module": "logging_config", "function": "__exit__", "line": 203, "message": "Completed operation: get_weather_data_Ham in 0.070s"}
{"timestamp": "2025-07-23 15:31:28", "level": "INFO", "logger": "src.weather_map.weather_app", "module": "weather_app", "function": "_process_city_weather", "line": 348, "message": "Successfully processed weather data for Ham"}
{"timestamp": "2025-07-23 15:31:28", "level": "INFO", "logger": "src.weather_map.weather_app", "module": "logging_config", "function": "__enter__", "line": 194, "message": "Starting operation: display_current_weather_Ham"}
{"timestamp": "2025-07-23 15:31:28", "level": "ERROR", "logger": "src.weather_map.weather_app", "module": "logging_config", "function": "__exit__", "line": 205, "message": "Failed operation: display_current_weather_Ham after 0.000s - "}
{"timestamp": "2025-07-23 15:31:28", "level": "ERROR", "logger": "src.weather_map.weather_app", "module": "logging_config", "function": "__exit__", "line": 205, "message": "Failed operation: process_city_weather_Ham after 0.219s - "}
{"timestamp": "2025-07-23 15:31:28", "level": "INFO", "logger": "src.weather_map.weather_app", "module": "weather_app", "function": "_process_city_weather", "line": 321, "message": "Processing weather request for: Ham, , "}
{"timestamp": "2025-07-23 15:31:28", "level": "INFO", "logger": "src.weather_map.weather_app", "module": "logging_config", "function": "__exit__", "line": 203, "message": "Completed operation: get_coordinates_Ham in 0.075s"}
{"timestamp": "2025-07-23 15:31:28", "level": "INFO", "logger": "src.weather_map.weather_app", "module": "weather_app", "function": "_process_city_weather", "line": 331, "message": "Using coordinates: (49.746322, 3.0733031) for Ham"}
{"timestamp": "2025-07-23 15:31:28", "level": "INFO", "logger": "src.weather_map.weather_app", "module": "logging_config", "function": "__enter__", "line": 194, "message": "Starting operation: create_map_Ham"}
{"timestamp": "2025-07-23 15:31:28", "level": "INFO", "logger": "src.weather_map.weather_app", "module": "logging_config", "function": "__exit__", "line": 203, "message": "Completed operation: create_map_Ham in 0.010s"}
{"timestamp": "2025-07-23 15:31:28", "level": "INFO", "logger": "src.weather_map.weather_app", "module": "logging_config", "function": "__enter__", "line": 194, "message": "Starting operation: get_weather_data_Ham"}
{"timestamp": "2025-07-23 15:31:28", "level": "INFO", "logger": "src.weather_map.weather_app", "module": "logging_config", "function": "__exit__", "line": 203, "message": "Completed operation: get_weather_data_Ham in 0.047s"}
{"timestamp": "2025-07-23 15:31:28", "level": "INFO", "logger": "src.weather_map.weather_app", "module": "weather_app", "function": "_process_city_weather", "line": 348, "message": "Successfully processed weather data for Ham"}
{"timestamp": "2025-07-23 15:31:28", "level": "INFO", "logger": "src.weather_map.weather_app", "module": "logging_config", "function": "__enter__", "line": 194, "message": "Starting operation: display_current_weather_Ham"}
{"timestamp": "2025-07-23 15:31:28", "level": "INFO", "logger": "src.weather_map.weather_app", "module": "logging_config", "function": "__exit__", "line": 203, "message": "Completed operation: display_current_weather_Ham in 0.005s"}
{"timestamp": "2025-07-23 15:31:28", "level": "INFO", "logger": "src.weather_map.weather_app", "module": "logging_config", "function": "__exit__", "line": 203, "message": "Completed operation: process_city_weather_Ham in 0.140s"}
{"timestamp": "2025-07-23 15:31:28", "level": "INFO", "logger": "src.weather_map.weather_app", "module": "logging_config", "function": "__enter__", "line": 194, "message": "Starting operation: create_hourly_forecast_Ham"}
{"timestamp": "2025-07-23 15:31:28", "level": "INFO", "logger": "src.weather_map.weather_app", "module": "weather_app", "function": "_process_city_weather", "line": 365, "message": "Displayed hourly forecast with 48 entries"}
{"timestamp": "2025-07-23 15:31:28", "level": "INFO", "logger": "src.weather_map.weather_app", "module": "logging_config", "function": "__exit__", "line": 203, "message": "Completed operation: create_hourly_forecast_Ham in 0.003s"}
{"timestamp": "2025-07-23 15:31:37", "level": "INFO", "logger": "src.weather_map.weather_app", "module": "weather_app", "function": "_initialize_api_key", "line": 59, "message": "API key retrieved successfully from Vault."}
{"timestamp": "2025-07-23 15:31:37", "level": "INFO", "logger": "src.weather_map.weather_app", "module": "logging_config", "function": "__enter__", "line": 194, "message": "Starting operation: process_city_weather_Hamburg"}
{"timestamp": "2025-07-23 15:31:37", "level": "INFO", "logger": "src.weather_map.weather_app", "module": "logging_config", "function": "__enter__", "line": 194, "message": "Starting operation: get_coordinates_Hamburg"}
{"timestamp": "2025-07-23 15:31:38", "level": "INFO", "logger": "src.weather_map.weather_app", "module": "weather_app", "function": "_process_city_weather", "line": 321, "message": "Processing weather request for: Hamburg, , "}
{"timestamp": "2025-07-23 15:31:38", "level": "INFO", "logger": "src.weather_map.weather_app", "module": "logging_config", "function": "__exit__", "line": 203, "message": "Completed operation: get_coordinates_Hamburg in 0.328s"}
{"timestamp": "2025-07-23 15:31:38", "level": "INFO", "logger": "src.weather_map.weather_app", "module": "weather_app", "function": "_process_city_weather", "line": 331, "message": "Using coordinates: (53.550341, 10.000654) for Hamburg"}
{"timestamp": "2025-07-23 15:31:38", "level": "INFO", "logger": "src.weather_map.weather_app", "module": "logging_config", "function": "__enter__", "line": 194, "message": "Starting operation: create_map_Hamburg"}
{"timestamp": "2025-07-23 15:31:38", "level": "INFO", "logger": "src.weather_map.weather_app", "module": "logging_config", "function": "__exit__", "line": 203, "message": "Completed operation: create_map_Hamburg in 0.011s"}
{"timestamp": "2025-07-23 15:31:38", "level": "INFO", "logger": "src.weather_map.weather_app", "module": "logging_config", "function": "__enter__", "line": 194, "message": "Starting operation: get_weather_data_Hamburg"}
{"timestamp": "2025-07-23 15:31:38", "level": "INFO", "logger": "src.weather_map.weather_app", "module": "weather_app", "function": "_initialize_api_key", "line": 59, "message": "API key retrieved successfully from Vault."}
{"timestamp": "2025-07-23 15:31:38", "level": "INFO", "logger": "src.weather_map.weather_app", "module": "logging_config", "function": "__enter__", "line": 194, "message": "Starting operation: process_city_weather_Hamburg"}
{"timestamp": "2025-07-23 15:31:38", "level": "INFO", "logger": "src.weather_map.weather_app", "module": "logging_config", "function": "__enter__", "line": 194, "message": "Starting operation: get_coordinates_Hamburg"}
{"timestamp": "2025-07-23 15:31:38", "level": "INFO", "logger": "src.weather_map.weather_app", "module": "logging_config", "function": "__exit__", "line": 203, "message": "Completed operation: get_weather_data_Hamburg in 0.077s"}
{"timestamp": "2025-07-23 15:31:38", "level": "INFO", "logger": "src.weather_map.weather_app", "module": "weather_app", "function": "_process_city_weather", "line": 348, "message": "Successfully processed weather data for Hamburg"}
{"timestamp": "2025-07-23 15:31:38", "level": "INFO", "logger": "src.weather_map.weather_app", "module": "logging_config", "function": "__enter__", "line": 194, "message": "Starting operation: display_current_weather_Hamburg"}
{"timestamp": "2025-07-23 15:31:38", "level": "ERROR", "logger": "src.weather_map.weather_app", "module": "logging_config", "function": "__exit__", "line": 205, "message": "Failed operation: display_current_weather_Hamburg after 0.000s - "}
{"timestamp": "2025-07-23 15:31:38", "level": "ERROR", "logger": "src.weather_map.weather_app", "module": "logging_config", "function": "__exit__", "line": 205, "message": "Failed operation: process_city_weather_Hamburg after 0.418s - "}
{"timestamp": "2025-07-23 15:31:38", "level": "INFO", "logger": "src.weather_map.weather_app", "module": "weather_app", "function": "_process_city_weather", "line": 321, "message": "Processing weather request for: Hamburg, , "}
{"timestamp": "2025-07-23 15:31:38", "level": "INFO", "logger": "src.weather_map.weather_app", "module": "logging_config", "function": "__exit__", "line": 203, "message": "Completed operation: get_coordinates_Hamburg in 0.083s"}
{"timestamp": "2025-07-23 15:31:38", "level": "INFO", "logger": "src.weather_map.weather_app", "module": "weather_app", "function": "_process_city_weather", "line": 331, "message": "Using coordinates: (53.550341, 10.000654) for Hamburg"}
{"timestamp": "2025-07-23 15:31:38", "level": "INFO", "logger": "src.weather_map.weather_app", "module": "logging_config", "function": "__enter__", "line": 194, "message": "Starting operation: create_map_Hamburg"}
{"timestamp": "2025-07-23 15:31:38", "level": "INFO", "logger": "src.weather_map.weather_app", "module": "logging_config", "function": "__exit__", "line": 203, "message": "Completed operation: create_map_Hamburg in 0.012s"}
{"timestamp": "2025-07-23 15:31:38", "level": "INFO", "logger": "src.weather_map.weather_app", "module": "logging_config", "function": "__enter__", "line": 194, "message": "Starting operation: get_weather_data_Hamburg"}
{"timestamp": "2025-07-23 15:31:38", "level": "INFO", "logger": "src.weather_map.weather_app", "module": "logging_config", "function": "__exit__", "line": 203, "message": "Completed operation: get_weather_data_Hamburg in 0.049s"}
{"timestamp": "2025-07-23 15:31:38", "level": "INFO", "logger": "src.weather_map.weather_app", "module": "weather_app", "function": "_process_city_weather", "line": 348, "message": "Successfully processed weather data for Hamburg"}
{"timestamp": "2025-07-23 15:31:38", "level": "INFO", "logger": "src.weather_map.weather_app", "module": "logging_config", "function": "__enter__", "line": 194, "message": "Starting operation: display_current_weather_Hamburg"}
{"timestamp": "2025-07-23 15:31:38", "level": "INFO", "logger": "src.weather_map.weather_app", "module": "logging_config", "function": "__exit__", "line": 203, "message": "Completed operation: display_current_weather_Hamburg in 0.005s"}
{"timestamp": "2025-07-23 15:31:38", "level": "INFO", "logger": "src.weather_map.weather_app", "module": "logging_config", "function": "__exit__", "line": 203, "message": "Completed operation: process_city_weather_Hamburg in 0.152s"}
{"timestamp": "2025-07-23 15:31:38", "level": "INFO", "logger": "src.weather_map.weather_app", "module": "logging_config", "function": "__enter__", "line": 194, "message": "Starting operation: create_hourly_forecast_Hamburg"}
{"timestamp": "2025-07-23 15:31:38", "level": "INFO", "logger": "src.weather_map.weather_app", "module": "weather_app", "function": "_process_city_weather", "line": 365, "message": "Displayed hourly forecast with 48 entries"}
{"timestamp": "2025-07-23 15:31:38", "level": "INFO", "logger": "src.weather_map.weather_app", "module": "logging_config", "function": "__exit__", "line": 203, "message": "Completed operation: create_hourly_forecast_Hamburg in 0.003s"}
{"timestamp": "2025-07-23 15:31:47", "level": "INFO", "logger": "src.weather_map.weather_app", "module": "weather_app", "function": "_initialize_api_key", "line": 59, "message": "API key retrieved successfully from Vault."}
{"timestamp": "2025-07-23 15:31:47", "level": "INFO", "logger": "src.weather_map.weather_app", "module": "logging_config", "function": "__enter__", "line": 194, "message": "Starting operation: process_city_weather_Selinsgrove"}
{"timestamp": "2025-07-23 15:31:47", "level": "INFO", "logger": "src.weather_map.weather_app", "module": "logging_config", "function": "__enter__", "line": 194, "message": "Starting operation: get_coordinates_Selinsgrove"}
{"timestamp": "2025-07-23 15:31:47", "level": "INFO", "logger": "src.weather_map.weather_app", "module": "weather_app", "function": "_process_city_weather", "line": 321, "message": "Processing weather request for: Selinsgrove, , "}
{"timestamp": "2025-07-23 15:31:47", "level": "INFO", "logger": "src.weather_map.weather_app", "module": "logging_config", "function": "__exit__", "line": 203, "message": "Completed operation: get_coordinates_Selinsgrove in 0.135s"}
{"timestamp": "2025-07-23 15:31:47", "level": "INFO", "logger": "src.weather_map.weather_app", "module": "weather_app", "function": "_process_city_weather", "line": 331, "message": "Using coordinates: (40.8062437, -76.8607084) for Selinsgrove"}
{"timestamp": "2025-07-23 15:31:47", "level": "INFO", "logger": "src.weather_map.weather_app", "module": "logging_config", "function": "__enter__", "line": 194, "message": "Starting operation: create_map_Selinsgrove"}
{"timestamp": "2025-07-23 15:31:47", "level": "INFO", "logger": "src.weather_map.weather_app", "module": "logging_config", "function": "__exit__", "line": 203, "message": "Completed operation: create_map_Selinsgrove in 0.012s"}
{"timestamp": "2025-07-23 15:31:47", "level": "INFO", "logger": "src.weather_map.weather_app", "module": "logging_config", "function": "__enter__", "line": 194, "message": "Starting operation: get_weather_data_Selinsgrove"}
{"timestamp": "2025-07-23 15:31:47", "level": "INFO", "logger": "src.weather_map.weather_app", "module": "weather_app", "function": "_initialize_api_key", "line": 59, "message": "API key retrieved successfully from Vault."}
{"timestamp": "2025-07-23 15:31:47", "level": "INFO", "logger": "src.weather_map.weather_app", "module": "logging_config", "function": "__enter__", "line": 194, "message": "Starting operation: process_city_weather_Selinsgrove"}
{"timestamp": "2025-07-23 15:31:47", "level": "INFO", "logger": "src.weather_map.weather_app", "module": "logging_config", "function": "__enter__", "line": 194, "message": "Starting operation: get_coordinates_Selinsgrove"}
{"timestamp": "2025-07-23 15:31:47", "level": "INFO", "logger": "src.weather_map.weather_app", "module": "logging_config", "function": "__exit__", "line": 203, "message": "Completed operation: get_weather_data_Selinsgrove in 0.083s"}
{"timestamp": "2025-07-23 15:31:47", "level": "INFO", "logger": "src.weather_map.weather_app", "module": "weather_app", "function": "_process_city_weather", "line": 348, "message": "Successfully processed weather data for Selinsgrove"}
{"timestamp": "2025-07-23 15:31:47", "level": "INFO", "logger": "src.weather_map.weather_app", "module": "logging_config", "function": "__enter__", "line": 194, "message": "Starting operation: display_current_weather_Selinsgrove"}
{"timestamp": "2025-07-23 15:31:47", "level": "ERROR", "logger": "src.weather_map.weather_app", "module": "logging_config", "function": "__exit__", "line": 205, "message": "Failed operation: display_current_weather_Selinsgrove after 0.000s - "}
{"timestamp": "2025-07-23 15:31:47", "level": "ERROR", "logger": "src.weather_map.weather_app", "module": "logging_config", "function": "__exit__", "line": 205, "message": "Failed operation: process_city_weather_Selinsgrove after 0.234s - "}
{"timestamp": "2025-07-23 15:31:47", "level": "INFO", "logger": "src.weather_map.weather_app", "module": "weather_app", "function": "_process_city_weather", "line": 321, "message": "Processing weather request for: Selinsgrove, , "}
{"timestamp": "2025-07-23 15:31:47", "level": "INFO", "logger": "src.weather_map.weather_app", "module": "logging_config", "function": "__exit__", "line": 203, "message": "Completed operation: get_coordinates_Selinsgrove in 0.072s"}
{"timestamp": "2025-07-23 15:31:47", "level": "INFO", "logger": "src.weather_map.weather_app", "module": "weather_app", "function": "_process_city_weather", "line": 331, "message": "Using coordinates: (40.8062437, -76.8607084) for Selinsgrove"}
{"timestamp": "2025-07-23 15:31:47", "level": "INFO", "logger": "src.weather_map.weather_app", "module": "logging_config", "function": "__enter__", "line": 194, "message": "Starting operation: create_map_Selinsgrove"}
{"timestamp": "2025-07-23 15:31:47", "level": "INFO", "logger": "src.weather_map.weather_app", "module": "logging_config", "function": "__exit__", "line": 203, "message": "Completed operation: create_map_Selinsgrove in 0.010s"}
{"timestamp": "2025-07-23 15:31:47", "level": "INFO", "logger": "src.weather_map.weather_app", "module": "logging_config", "function": "__enter__", "line": 194, "message": "Starting operation: get_weather_data_Selinsgrove"}
{"timestamp": "2025-07-23 15:31:47", "level": "INFO", "logger": "src.weather_map.weather_app", "module": "logging_config", "function": "__exit__", "line": 203, "message": "Completed operation: get_weather_data_Selinsgrove in 0.056s"}
{"timestamp": "2025-07-23 15:31:47", "level": "INFO", "logger": "src.weather_map.weather_app", "module": "weather_app", "function": "_process_city_weather", "line": 348, "message": "Successfully processed weather data for Selinsgrove"}
{"timestamp": "2025-07-23 15:31:47", "level": "INFO", "logger": "src.weather_map.weather_app", "module": "logging_config", "function": "__enter__", "line": 194, "message": "Starting operation: display_current_weather_Selinsgrove"}
{"timestamp": "2025-07-23 15:31:47", "level": "INFO", "logger": "src.weather_map.weather_app", "module": "logging_config", "function": "__exit__", "line": 203, "message": "Completed operation: display_current_weather_Selinsgrove in 0.002s"}
{"timestamp": "2025-07-23 15:31:47", "level": "INFO", "logger": "src.weather_map.weather_app", "module": "logging_config", "function": "__exit__", "line": 203, "message": "Completed operation: process_city_weather_Selinsgrove in 0.144s"}
{"timestamp": "2025-07-23 15:31:47", "level": "INFO", "logger": "src.weather_map.weather_app", "module": "logging_config", "function": "__enter__", "line": 194, "message": "Starting operation: create_hourly_forecast_Selinsgrove"}
{"timestamp": "2025-07-23 15:31:47", "level": "INFO", "logger": "src.weather_map.weather_app", "module": "weather_app", "function": "_process_city_weather", "line": 365, "message": "Displayed hourly forecast with 48 entries"}
{"timestamp": "2025-07-23 15:31:47", "level": "INFO", "logger": "src.weather_map.weather_app", "module": "logging_config", "function": "__exit__", "line": 203, "message": "Completed operation: create_hourly_forecast_Selinsgrove in 0.004s"}
{"timestamp": "2025-07-23 15:31:51", "level": "INFO", "logger": "src.weather_map.weather_app", "module": "weather_app", "function": "_initialize_api_key", "line": 59, "message": "API key retrieved successfully from Vault."}
{"timestamp": "2025-07-23 15:31:51", "level": "INFO", "logger": "src.weather_map.weather_app", "module": "logging_config", "function": "__enter__", "line": 194, "message": "Starting operation: process_city_weather_New York"}
{"timestamp": "2025-07-23 15:31:51", "level": "INFO", "logger": "src.weather_map.weather_app", "module": "logging_config", "function": "__enter__", "line": 194, "message": "Starting operation: get_coordinates_New York"}
{"timestamp": "2025-07-23 15:31:51", "level": "INFO", "logger": "src.weather_map.weather_app", "module": "weather_app", "function": "_process_city_weather", "line": 321, "message": "Processing weather request for: New York, , "}
{"timestamp": "2025-07-23 15:31:51", "level": "INFO", "logger": "src.weather_map.weather_app", "module": "logging_config", "function": "__exit__", "line": 203, "message": "Completed operation: get_coordinates_New York in 0.207s"}
{"timestamp": "2025-07-23 15:31:51", "level": "INFO", "logger": "src.weather_map.weather_app", "module": "weather_app", "function": "_process_city_weather", "line": 331, "message": "Using coordinates: (40.7127281, -74.0060152) for New York"}
{"timestamp": "2025-07-23 15:31:51", "level": "INFO", "logger": "src.weather_map.weather_app", "module": "logging_config", "function": "__enter__", "line": 194, "message": "Starting operation: create_map_New York"}
{"timestamp": "2025-07-23 15:31:51", "level": "INFO", "logger": "src.weather_map.weather_app", "module": "logging_config", "function": "__exit__", "line": 203, "message": "Completed operation: create_map_New York in 0.012s"}
{"timestamp": "2025-07-23 15:31:51", "level": "INFO", "logger": "src.weather_map.weather_app", "module": "logging_config", "function": "__enter__", "line": 194, "message": "Starting operation: get_weather_data_New York"}
{"timestamp": "2025-07-23 15:31:51", "level": "INFO", "logger": "src.weather_map.weather_app", "module": "weather_app", "function": "_initialize_api_key", "line": 59, "message": "API key retrieved successfully from Vault."}
{"timestamp": "2025-07-23 15:31:51", "level": "INFO", "logger": "src.weather_map.weather_app", "module": "logging_config", "function": "__enter__", "line": 194, "message": "Starting operation: process_city_weather_New York"}
{"timestamp": "2025-07-23 15:31:51", "level": "INFO", "logger": "src.weather_map.weather_app", "module": "logging_config", "function": "__enter__", "line": 194, "message": "Starting operation: get_coordinates_New York"}
{"timestamp": "2025-07-23 15:31:52", "level": "INFO", "logger": "src.weather_map.weather_app", "module": "logging_config", "function": "__exit__", "line": 203, "message": "Completed operation: get_weather_data_New York in 0.067s"}
{"timestamp": "2025-07-23 15:31:52", "level": "INFO", "logger": "src.weather_map.weather_app", "module": "weather_app", "function": "_process_city_weather", "line": 348, "message": "Successfully processed weather data for New York"}
{"timestamp": "2025-07-23 15:31:52", "level": "INFO", "logger": "src.weather_map.weather_app", "module": "logging_config", "function": "__enter__", "line": 194, "message": "Starting operation: display_current_weather_New York"}
{"timestamp": "2025-07-23 15:31:52", "level": "ERROR", "logger": "src.weather_map.weather_app", "module": "logging_config", "function": "__exit__", "line": 205, "message": "Failed operation: display_current_weather_New York after 0.000s - "}
{"timestamp": "2025-07-23 15:31:52", "level": "ERROR", "logger": "src.weather_map.weather_app", "module": "logging_config", "function": "__exit__", "line": 205, "message": "Failed operation: process_city_weather_New York after 0.290s - "}
{"timestamp": "2025-07-23 15:31:52", "level": "INFO", "logger": "src.weather_map.weather_app", "module": "weather_app", "function": "_process_city_weather", "line": 321, "message": "Processing weather request for: New York, , "}
{"timestamp": "2025-07-23 15:31:52", "level": "INFO", "logger": "src.weather_map.weather_app", "module": "logging_config", "function": "__exit__", "line": 203, "message": "Completed operation: get_coordinates_New York in 0.058s"}
{"timestamp": "2025-07-23 15:31:52", "level": "INFO", "logger": "src.weather_map.weather_app", "module": "weather_app", "function": "_process_city_weather", "line": 331, "message": "Using coordinates: (40.7127281, -74.0060152) for New York"}
{"timestamp": "2025-07-23 15:31:52", "level": "INFO", "logger": "src.weather_map.weather_app", "module": "logging_config", "function": "__enter__", "line": 194, "message": "Starting operation: create_map_New York"}
{"timestamp": "2025-07-23 15:31:52", "level": "INFO", "logger": "src.weather_map.weather_app", "module": "logging_config", "function": "__exit__", "line": 203, "message": "Completed operation: create_map_New York in 0.011s"}
{"timestamp": "2025-07-23 15:31:52", "level": "INFO", "logger": "src.weather_map.weather_app", "module": "logging_config", "function": "__enter__", "line": 194, "message": "Starting operation: get_weather_data_New York"}
{"timestamp": "2025-07-23 15:31:52", "level": "INFO", "logger": "src.weather_map.weather_app", "module": "logging_config", "function": "__exit__", "line": 203, "message": "Completed operation: get_weather_data_New York in 0.058s"}
{"timestamp": "2025-07-23 15:31:52", "level": "INFO", "logger": "src.weather_map.weather_app", "module": "weather_app", "function": "_process_city_weather", "line": 348, "message": "Successfully processed weather data for New York"}
{"timestamp": "2025-07-23 15:31:52", "level": "INFO", "logger": "src.weather_map.weather_app", "module": "logging_config", "function": "__enter__", "line": 194, "message": "Starting operation: display_current_weather_New York"}
{"timestamp": "2025-07-23 15:31:52", "level": "INFO", "logger": "src.weather_map.weather_app", "module": "logging_config", "function": "__exit__", "line": 203, "message": "Completed operation: display_current_weather_New York in 0.003s"}
{"timestamp": "2025-07-23 15:31:52", "level": "INFO", "logger": "src.weather_map.weather_app", "module": "logging_config", "function": "__exit__", "line": 203, "message": "Completed operation: process_city_weather_New York in 0.133s"}
{"timestamp": "2025-07-23 15:31:52", "level": "INFO", "logger": "src.weather_map.weather_app", "module": "logging_config", "function": "__enter__", "line": 194, "message": "Starting operation: create_hourly_forecast_New York"}
{"timestamp": "2025-07-23 15:31:52", "level": "INFO", "logger": "src.weather_map.weather_app", "module": "weather_app", "function": "_process_city_weather", "line": 365, "message": "Displayed hourly forecast with 48 entries"}
{"timestamp": "2025-07-23 15:31:52", "level": "INFO", "logger": "src.weather_map.weather_app", "module": "logging_config", "function": "__exit__", "line": 203, "message": "Completed operation: create_hourly_forecast_New York in 0.004s"}
{"timestamp": "2025-07-23 15:38:20", "level": "INFO", "logger": "src.weather_map.weather_app", "module": "weather_app", "function": "_initialize_api_key", "line": 59, "message": "API key retrieved successfully from Vault."}
{"timestamp": "2025-07-23 15:38:24", "level": "INFO", "logger": "src.weather_map.weather_app", "module": "weather_app", "function": "_initialize_api_key", "line": 59, "message": "API key retrieved successfully from Vault."}
{"timestamp": "2025-07-23 15:38:24", "level": "INFO", "logger": "src.weather_map.weather_app", "module": "logging_config", "function": "__enter__", "line": 194, "message": "Starting operation: process_city_weather_New York"}
{"timestamp": "2025-07-23 15:38:24", "level": "INFO", "logger": "src.weather_map.weather_app", "module": "logging_config", "function": "__enter__", "line": 194, "message": "Starting operation: get_coordinates_New York"}
{"timestamp": "2025-07-23 15:38:24", "level": "INFO", "logger": "src.weather_map.weather_app", "module": "weather_app", "function": "_process_city_weather", "line": 328, "message": "Processing weather request for: New York, , "}
{"timestamp": "2025-07-23 15:38:24", "level": "INFO", "logger": "src.weather_map.weather_app", "module": "logging_config", "function": "__exit__", "line": 203, "message": "Completed operation: get_coordinates_New York in 0.393s"}
{"timestamp": "2025-07-23 15:38:24", "level": "INFO", "logger": "src.weather_map.weather_app", "module": "weather_app", "function": "_process_city_weather", "line": 338, "message": "Using coordinates: (40.7127281, -74.0060152) for New York"}
{"timestamp": "2025-07-23 15:38:24", "level": "INFO", "logger": "src.weather_map.weather_app", "module": "logging_config", "function": "__enter__", "line": 194, "message": "Starting operation: create_map_New York"}
{"timestamp": "2025-07-23 15:38:24", "level": "INFO", "logger": "src.weather_map.weather_app", "module": "logging_config", "function": "__exit__", "line": 203, "message": "Completed operation: create_map_New York in 0.015s"}
{"timestamp": "2025-07-23 15:38:24", "level": "INFO", "logger": "src.weather_map.weather_app", "module": "logging_config", "function": "__enter__", "line": 194, "message": "Starting operation: get_weather_data_New York"}
{"timestamp": "2025-07-23 15:38:24", "level": "INFO", "logger": "src.weather_map.weather_app", "module": "weather_app", "function": "_initialize_api_key", "line": 59, "message": "API key retrieved successfully from Vault."}
{"timestamp": "2025-07-23 15:38:24", "level": "INFO", "logger": "src.weather_map.weather_app", "module": "logging_config", "function": "__enter__", "line": 194, "message": "Starting operation: process_city_weather_New York"}
{"timestamp": "2025-07-23 15:38:24", "level": "INFO", "logger": "src.weather_map.weather_app", "module": "logging_config", "function": "__enter__", "line": 194, "message": "Starting operation: get_coordinates_New York"}
{"timestamp": "2025-07-23 15:38:24", "level": "INFO", "logger": "src.weather_map.weather_app", "module": "logging_config", "function": "__exit__", "line": 203, "message": "Completed operation: get_weather_data_New York in 0.333s"}
{"timestamp": "2025-07-23 15:38:24", "level": "INFO", "logger": "src.weather_map.weather_app", "module": "weather_app", "function": "_process_city_weather", "line": 355, "message": "Successfully processed weather data for New York"}
{"timestamp": "2025-07-23 15:38:24", "level": "INFO", "logger": "src.weather_map.weather_app", "module": "logging_config", "function": "__enter__", "line": 194, "message": "Starting operation: display_current_weather_New York"}
{"timestamp": "2025-07-23 15:38:24", "level": "ERROR", "logger": "src.weather_map.weather_app", "module": "logging_config", "function": "__exit__", "line": 205, "message": "Failed operation: display_current_weather_New York after 0.001s - "}
{"timestamp": "2025-07-23 15:38:24", "level": "ERROR", "logger": "src.weather_map.weather_app", "module": "logging_config", "function": "__exit__", "line": 205, "message": "Failed operation: process_city_weather_New York after 0.745s - "}
{"timestamp": "2025-07-23 15:38:25", "level": "INFO", "logger": "src.weather_map.weather_app", "module": "weather_app", "function": "_process_city_weather", "line": 328, "message": "Processing weather request for: New York, , "}
{"timestamp": "2025-07-23 15:38:25", "level": "INFO", "logger": "src.weather_map.weather_app", "module": "logging_config", "function": "__exit__", "line": 203, "message": "Completed operation: get_coordinates_New York in 0.378s"}
{"timestamp": "2025-07-23 15:38:25", "level": "INFO", "logger": "src.weather_map.weather_app", "module": "weather_app", "function": "_process_city_weather", "line": 338, "message": "Using coordinates: (40.7127281, -74.0060152) for New York"}
{"timestamp": "2025-07-23 15:38:25", "level": "INFO", "logger": "src.weather_map.weather_app", "module": "logging_config", "function": "__enter__", "line": 194, "message": "Starting operation: create_map_New York"}
{"timestamp": "2025-07-23 15:38:25", "level": "INFO", "logger": "src.weather_map.weather_app", "module": "logging_config", "function": "__exit__", "line": 203, "message": "Completed operation: create_map_New York in 0.011s"}
{"timestamp": "2025-07-23 15:38:25", "level": "INFO", "logger": "src.weather_map.weather_app", "module": "logging_config", "function": "__enter__", "line": 194, "message": "Starting operation: get_weather_data_New York"}
{"timestamp": "2025-07-23 15:38:25", "level": "INFO", "logger": "src.weather_map.weather_app", "module": "logging_config", "function": "__exit__", "line": 203, "message": "Completed operation: get_weather_data_New York in 0.165s"}
{"timestamp": "2025-07-23 15:38:25", "level": "INFO", "logger": "src.weather_map.weather_app", "module": "weather_app", "function": "_process_city_weather", "line": 355, "message": "Successfully processed weather data for New York"}
{"timestamp": "2025-07-23 15:38:25", "level": "INFO", "logger": "src.weather_map.weather_app", "module": "logging_config", "function": "__enter__", "line": 194, "message": "Starting operation: display_current_weather_New York"}
{"timestamp": "2025-07-23 15:38:25", "level": "INFO", "logger": "src.weather_map.weather_app", "module": "logging_config", "function": "__exit__", "line": 203, "message": "Completed operation: display_current_weather_New York in 0.075s"}
{"timestamp": "2025-07-23 15:38:25", "level": "INFO", "logger": "src.weather_map.weather_app", "module": "logging_config", "function": "__exit__", "line": 203, "message": "Completed operation: process_city_weather_New York in 0.632s"}
{"timestamp": "2025-07-23 15:38:25", "level": "INFO", "logger": "src.weather_map.weather_app", "module": "logging_config", "function": "__enter__", "line": 194, "message": "Starting operation: create_hourly_forecast_New York"}
{"timestamp": "2025-07-23 15:38:25", "level": "INFO", "logger": "src.weather_map.weather_app", "module": "weather_app", "function": "_render_hourly_forecast_section", "line": 388, "message": "Displayed hourly forecast with 48 entries"}
{"timestamp": "2025-07-23 15:38:25", "level": "INFO", "logger": "src.weather_map.weather_app", "module": "logging_config", "function": "__exit__", "line": 203, "message": "Completed operation: create_hourly_forecast_New York in 0.007s"}
{"timestamp": "2025-07-23 15:38:34", "level": "INFO", "logger": "src.weather_map.weather_app", "module": "weather_app", "function": "_initialize_api_key", "line": 59, "message": "API key retrieved successfully from Vault."}
{"timestamp": "2025-07-23 15:38:34", "level": "INFO", "logger": "src.weather_map.weather_app", "module": "logging_config", "function": "__enter__", "line": 194, "message": "Starting operation: process_city_weather_Tampa"}
{"timestamp": "2025-07-23 15:38:34", "level": "INFO", "logger": "src.weather_map.weather_app", "module": "logging_config", "function": "__enter__", "line": 194, "message": "Starting operation: get_coordinates_Tampa"}
{"timestamp": "2025-07-23 15:38:34", "level": "INFO", "logger": "src.weather_map.weather_app", "module": "weather_app", "function": "_process_city_weather", "line": 328, "message": "Processing weather request for: Tampa, , "}
{"timestamp": "2025-07-23 15:38:34", "level": "INFO", "logger": "src.weather_map.weather_app", "module": "logging_config", "function": "__exit__", "line": 203, "message": "Completed operation: get_coordinates_Tampa in 0.251s"}
{"timestamp": "2025-07-23 15:38:34", "level": "INFO", "logger": "src.weather_map.weather_app", "module": "weather_app", "function": "_process_city_weather", "line": 338, "message": "Using coordinates: (27.9477595, -82.458444) for Tampa"}
{"timestamp": "2025-07-23 15:38:34", "level": "INFO", "logger": "src.weather_map.weather_app", "module": "logging_config", "function": "__enter__", "line": 194, "message": "Starting operation: create_map_Tampa"}
{"timestamp": "2025-07-23 15:38:34", "level": "INFO", "logger": "src.weather_map.weather_app", "module": "logging_config", "function": "__exit__", "line": 203, "message": "Completed operation: create_map_Tampa in 0.012s"}
{"timestamp": "2025-07-23 15:38:34", "level": "INFO", "logger": "src.weather_map.weather_app", "module": "logging_config", "function": "__enter__", "line": 194, "message": "Starting operation: get_weather_data_Tampa"}
{"timestamp": "2025-07-23 15:38:34", "level": "INFO", "logger": "src.weather_map.weather_app", "module": "weather_app", "function": "_initialize_api_key", "line": 59, "message": "API key retrieved successfully from Vault."}
{"timestamp": "2025-07-23 15:38:34", "level": "INFO", "logger": "src.weather_map.weather_app", "module": "logging_config", "function": "__enter__", "line": 194, "message": "Starting operation: process_city_weather_Tampa"}
{"timestamp": "2025-07-23 15:38:34", "level": "INFO", "logger": "src.weather_map.weather_app", "module": "logging_config", "function": "__enter__", "line": 194, "message": "Starting operation: get_coordinates_Tampa"}
{"timestamp": "2025-07-23 15:38:34", "level": "INFO", "logger": "src.weather_map.weather_app", "module": "weather_app", "function": "_process_city_weather", "line": 328, "message": "Processing weather request for: Tampa, , "}
{"timestamp": "2025-07-23 15:38:34", "level": "INFO", "logger": "src.weather_map.weather_app", "module": "logging_config", "function": "__exit__", "line": 203, "message": "Completed operation: get_coordinates_Tampa in 0.102s"}
{"timestamp": "2025-07-23 15:38:34", "level": "INFO", "logger": "src.weather_map.weather_app", "module": "weather_app", "function": "_process_city_weather", "line": 338, "message": "Using coordinates: (27.9477595, -82.458444) for Tampa"}
{"timestamp": "2025-07-23 15:38:34", "level": "INFO", "logger": "src.weather_map.weather_app", "module": "logging_config", "function": "__enter__", "line": 194, "message": "Starting operation: create_map_Tampa"}
{"timestamp": "2025-07-23 15:38:34", "level": "INFO", "logger": "src.weather_map.weather_app", "module": "logging_config", "function": "__exit__", "line": 203, "message": "Completed operation: create_map_Tampa in 0.013s"}
{"timestamp": "2025-07-23 15:38:34", "level": "INFO", "logger": "src.weather_map.weather_app", "module": "logging_config", "function": "__enter__", "line": 194, "message": "Starting operation: get_weather_data_Tampa"}
{"timestamp": "2025-07-23 15:38:34", "level": "INFO", "logger": "src.weather_map.weather_app", "module": "logging_config", "function": "__exit__", "line": 203, "message": "Completed operation: get_weather_data_Tampa in 0.202s"}
{"timestamp": "2025-07-23 15:38:34", "level": "INFO", "logger": "src.weather_map.weather_app", "module": "weather_app", "function": "_process_city_weather", "line": 355, "message": "Successfully processed weather data for Tampa"}
{"timestamp": "2025-07-23 15:38:34", "level": "INFO", "logger": "src.weather_map.weather_app", "module": "logging_config", "function": "__enter__", "line": 194, "message": "Starting operation: display_current_weather_Tampa"}
{"timestamp": "2025-07-23 15:38:34", "level": "ERROR", "logger": "src.weather_map.weather_app", "module": "logging_config", "function": "__exit__", "line": 205, "message": "Failed operation: display_current_weather_Tampa after 0.000s - "}
{"timestamp": "2025-07-23 15:38:34", "level": "ERROR", "logger": "src.weather_map.weather_app", "module": "logging_config", "function": "__exit__", "line": 205, "message": "Failed operation: process_city_weather_Tampa after 0.469s - "}
{"timestamp": "2025-07-23 15:38:34", "level": "INFO", "logger": "src.weather_map.weather_app", "module": "logging_config", "function": "__exit__", "line": 203, "message": "Completed operation: get_weather_data_Tampa in 0.134s"}
{"timestamp": "2025-07-23 15:38:34", "level": "INFO", "logger": "src.weather_map.weather_app", "module": "weather_app", "function": "_process_city_weather", "line": 355, "message": "Successfully processed weather data for Tampa"}
{"timestamp": "2025-07-23 15:38:34", "level": "INFO", "logger": "src.weather_map.weather_app", "module": "logging_config", "function": "__enter__", "line": 194, "message": "Starting operation: display_current_weather_Tampa"}
{"timestamp": "2025-07-23 15:38:34", "level": "INFO", "logger": "src.weather_map.weather_app", "module": "logging_config", "function": "__exit__", "line": 203, "message": "Completed operation: display_current_weather_Tampa in 0.004s"}
{"timestamp": "2025-07-23 15:38:34", "level": "INFO", "logger": "src.weather_map.weather_app", "module": "logging_config", "function": "__exit__", "line": 203, "message": "Completed operation: process_city_weather_Tampa in 0.258s"}
{"timestamp": "2025-07-23 15:38:34", "level": "INFO", "logger": "src.weather_map.weather_app", "module": "logging_config", "function": "__enter__", "line": 194, "message": "Starting operation: create_hourly_forecast_Tampa"}
{"timestamp": "2025-07-23 15:38:34", "level": "INFO", "logger": "src.weather_map.weather_app", "module": "weather_app", "function": "_render_hourly_forecast_section", "line": 388, "message": "Displayed hourly forecast with 48 entries"}
{"timestamp": "2025-07-23 15:38:34", "level": "INFO", "logger": "src.weather_map.weather_app", "module": "logging_config", "function": "__exit__", "line": 203, "message": "Completed operation: create_hourly_forecast_Tampa in 0.004s"}
{"timestamp": "2025-07-23 15:43:01", "level": "INFO", "logger": "src.weather_map.weather_app", "module": "weather_app", "function": "_initialize_api_key", "line": 59, "message": "API key retrieved successfully from Vault."}
{"timestamp": "2025-07-23 15:43:06", "level": "INFO", "logger": "src.weather_map.weather_app", "module": "weather_app", "function": "_initialize_api_key", "line": 59, "message": "API key retrieved successfully from Vault."}
{"timestamp": "2025-07-23 15:43:06", "level": "INFO", "logger": "src.weather_map.weather_app", "module": "logging_config", "function": "__enter__", "line": 194, "message": "Starting operation: process_city_weather_Hamburg"}
{"timestamp": "2025-07-23 15:43:06", "level": "INFO", "logger": "src.weather_map.weather_app", "module": "logging_config", "function": "__enter__", "line": 194, "message": "Starting operation: get_coordinates_Hamburg"}
{"timestamp": "2025-07-23 15:43:06", "level": "INFO", "logger": "src.weather_map.weather_app", "module": "weather_app", "function": "_process_city_weather", "line": 328, "message": "Processing weather request for: Hamburg, , "}
{"timestamp": "2025-07-23 15:43:06", "level": "INFO", "logger": "src.weather_map.weather_app", "module": "logging_config", "function": "__exit__", "line": 203, "message": "Completed operation: get_coordinates_Hamburg in 0.309s"}
{"timestamp": "2025-07-23 15:43:06", "level": "INFO", "logger": "src.weather_map.weather_app", "module": "weather_app", "function": "_process_city_weather", "line": 338, "message": "Using coordinates: (53.550341, 10.000654) for Hamburg"}
{"timestamp": "2025-07-23 15:43:06", "level": "INFO", "logger": "src.weather_map.weather_app", "module": "logging_config", "function": "__enter__", "line": 194, "message": "Starting operation: create_map_Hamburg"}
{"timestamp": "2025-07-23 15:43:06", "level": "INFO", "logger": "src.weather_map.weather_app", "module": "logging_config", "function": "__exit__", "line": 203, "message": "Completed operation: create_map_Hamburg in 0.017s"}
{"timestamp": "2025-07-23 15:43:06", "level": "INFO", "logger": "src.weather_map.weather_app", "module": "logging_config", "function": "__enter__", "line": 194, "message": "Starting operation: get_weather_data_Hamburg"}
{"timestamp": "2025-07-23 15:43:06", "level": "INFO", "logger": "src.weather_map.weather_app", "module": "weather_app", "function": "_initialize_api_key", "line": 59, "message": "API key retrieved successfully from Vault."}
{"timestamp": "2025-07-23 15:43:06", "level": "INFO", "logger": "src.weather_map.weather_app", "module": "logging_config", "function": "__enter__", "line": 194, "message": "Starting operation: process_city_weather_Hamburg"}
{"timestamp": "2025-07-23 15:43:06", "level": "INFO", "logger": "src.weather_map.weather_app", "module": "logging_config", "function": "__enter__", "line": 194, "message": "Starting operation: get_coordinates_Hamburg"}
{"timestamp": "2025-07-23 15:43:07", "level": "INFO", "logger": "src.weather_map.weather_app", "module": "logging_config", "function": "__exit__", "line": 203, "message": "Completed operation: get_weather_data_Hamburg in 0.327s"}
{"timestamp": "2025-07-23 15:43:07", "level": "INFO", "logger": "src.weather_map.weather_app", "module": "weather_app", "function": "_process_city_weather", "line": 355, "message": "Successfully processed weather data for Hamburg"}
{"timestamp": "2025-07-23 15:43:07", "level": "INFO", "logger": "src.weather_map.weather_app", "module": "logging_config", "function": "__enter__", "line": 194, "message": "Starting operation: display_current_weather_Hamburg"}
{"timestamp": "2025-07-23 15:43:07", "level": "ERROR", "logger": "src.weather_map.weather_app", "module": "logging_config", "function": "__exit__", "line": 205, "message": "Failed operation: display_current_weather_Hamburg after 0.001s - "}
{"timestamp": "2025-07-23 15:43:07", "level": "ERROR", "logger": "src.weather_map.weather_app", "module": "logging_config", "function": "__exit__", "line": 205, "message": "Failed operation: process_city_weather_Hamburg after 0.658s - "}
{"timestamp": "2025-07-23 15:43:07", "level": "INFO", "logger": "src.weather_map.weather_app", "module": "weather_app", "function": "_process_city_weather", "line": 328, "message": "Processing weather request for: Hamburg, , "}
{"timestamp": "2025-07-23 15:43:07", "level": "INFO", "logger": "src.weather_map.weather_app", "module": "logging_config", "function": "__exit__", "line": 203, "message": "Completed operation: get_coordinates_Hamburg in 0.489s"}
{"timestamp": "2025-07-23 15:43:07", "level": "INFO", "logger": "src.weather_map.weather_app", "module": "weather_app", "function": "_process_city_weather", "line": 338, "message": "Using coordinates: (53.550341, 10.000654) for Hamburg"}
{"timestamp": "2025-07-23 15:43:07", "level": "INFO", "logger": "src.weather_map.weather_app", "module": "logging_config", "function": "__enter__", "line": 194, "message": "Starting operation: create_map_Hamburg"}
{"timestamp": "2025-07-23 15:43:07", "level": "INFO", "logger": "src.weather_map.weather_app", "module": "logging_config", "function": "__exit__", "line": 203, "message": "Completed operation: create_map_Hamburg in 0.012s"}
{"timestamp": "2025-07-23 15:43:07", "level": "INFO", "logger": "src.weather_map.weather_app", "module": "logging_config", "function": "__enter__", "line": 194, "message": "Starting operation: get_weather_data_Hamburg"}
{"timestamp": "2025-07-23 15:43:07", "level": "INFO", "logger": "src.weather_map.weather_app", "module": "logging_config", "function": "__exit__", "line": 203, "message": "Completed operation: get_weather_data_Hamburg in 0.161s"}
{"timestamp": "2025-07-23 15:43:07", "level": "INFO", "logger": "src.weather_map.weather_app", "module": "weather_app", "function": "_process_city_weather", "line": 355, "message": "Successfully processed weather data for Hamburg"}
{"timestamp": "2025-07-23 15:43:07", "level": "INFO", "logger": "src.weather_map.weather_app", "module": "logging_config", "function": "__enter__", "line": 194, "message": "Starting operation: display_current_weather_Hamburg"}
{"timestamp": "2025-07-23 15:43:07", "level": "INFO", "logger": "src.weather_map.weather_app", "module": "logging_config", "function": "__exit__", "line": 203, "message": "Completed operation: display_current_weather_Hamburg in 0.072s"}
{"timestamp": "2025-07-23 15:43:07", "level": "INFO", "logger": "src.weather_map.weather_app", "module": "logging_config", "function": "__exit__", "line": 203, "message": "Completed operation: process_city_weather_Hamburg in 0.737s"}
{"timestamp": "2025-07-23 15:43:07", "level": "INFO", "logger": "src.weather_map.weather_app", "module": "logging_config", "function": "__enter__", "line": 194, "message": "Starting operation: create_hourly_forecast_Hamburg"}
{"timestamp": "2025-07-23 15:43:07", "level": "INFO", "logger": "src.weather_map.weather_app", "module": "weather_app", "function": "_render_hourly_forecast_section", "line": 388, "message": "Displayed hourly forecast with 48 entries"}
{"timestamp": "2025-07-23 15:43:07", "level": "INFO", "logger": "src.weather_map.weather_app", "module": "logging_config", "function": "__exit__", "line": 203, "message": "Completed operation: create_hourly_forecast_Hamburg in 0.006s"}
{"timestamp": "2025-07-23 15:43:08", "level": "INFO", "logger": "src.weather_map.weather_app", "module": "weather_app", "function": "_initialize_api_key", "line": 59, "message": "API key retrieved successfully from Vault."}
{"timestamp": "2025-07-23 15:43:08", "level": "INFO", "logger": "src.weather_map.weather_app", "module": "logging_config", "function": "__enter__", "line": 194, "message": "Starting operation: process_city_weather_Hamburg"}
{"timestamp": "2025-07-23 15:43:08", "level": "INFO", "logger": "src.weather_map.weather_app", "module": "logging_config", "function": "__enter__", "line": 194, "message": "Starting operation: get_coordinates_Hamburg"}
{"timestamp": "2025-07-23 15:43:08", "level": "INFO", "logger": "src.weather_map.weather_app", "module": "weather_app", "function": "_process_city_weather", "line": 328, "message": "Processing weather request for: Hamburg, , "}
{"timestamp": "2025-07-23 15:43:08", "level": "INFO", "logger": "src.weather_map.weather_app", "module": "logging_config", "function": "__exit__", "line": 203, "message": "Completed operation: get_coordinates_Hamburg in 0.105s"}
{"timestamp": "2025-07-23 15:43:08", "level": "INFO", "logger": "src.weather_map.weather_app", "module": "weather_app", "function": "_process_city_weather", "line": 338, "message": "Using coordinates: (53.550341, 10.000654) for Hamburg"}
{"timestamp": "2025-07-23 15:43:08", "level": "INFO", "logger": "src.weather_map.weather_app", "module": "logging_config", "function": "__enter__", "line": 194, "message": "Starting operation: create_map_Hamburg"}
{"timestamp": "2025-07-23 15:43:08", "level": "INFO", "logger": "src.weather_map.weather_app", "module": "logging_config", "function": "__exit__", "line": 203, "message": "Completed operation: create_map_Hamburg in 0.013s"}
{"timestamp": "2025-07-23 15:43:08", "level": "INFO", "logger": "src.weather_map.weather_app", "module": "logging_config", "function": "__enter__", "line": 194, "message": "Starting operation: get_weather_data_Hamburg"}
{"timestamp": "2025-07-23 15:43:08", "level": "INFO", "logger": "src.weather_map.weather_app", "module": "logging_config", "function": "__exit__", "line": 203, "message": "Completed operation: get_weather_data_Hamburg in 0.170s"}
{"timestamp": "2025-07-23 15:43:08", "level": "INFO", "logger": "src.weather_map.weather_app", "module": "weather_app", "function": "_process_city_weather", "line": 355, "message": "Successfully processed weather data for Hamburg"}
{"timestamp": "2025-07-23 15:43:08", "level": "INFO", "logger": "src.weather_map.weather_app", "module": "logging_config", "function": "__enter__", "line": 194, "message": "Starting operation: display_current_weather_Hamburg"}
{"timestamp": "2025-07-23 15:43:08", "level": "INFO", "logger": "src.weather_map.weather_app", "module": "logging_config", "function": "__exit__", "line": 203, "message": "Completed operation: display_current_weather_Hamburg in 0.004s"}
{"timestamp": "2025-07-23 15:43:08", "level": "INFO", "logger": "src.weather_map.weather_app", "module": "logging_config", "function": "__exit__", "line": 203, "message": "Completed operation: process_city_weather_Hamburg in 0.297s"}
{"timestamp": "2025-07-23 15:43:08", "level": "INFO", "logger": "src.weather_map.weather_app", "module": "logging_config", "function": "__enter__", "line": 194, "message": "Starting operation: create_hourly_forecast_Hamburg"}
{"timestamp": "2025-07-23 15:43:08", "level": "INFO", "logger": "src.weather_map.weather_app", "module": "weather_app", "function": "_render_hourly_forecast_section", "line": 388, "message": "Displayed hourly forecast with 48 entries"}
{"timestamp": "2025-07-23 15:43:08", "level": "INFO", "logger": "src.weather_map.weather_app", "module": "logging_config", "function": "__exit__", "line": 203, "message": "Completed operation: create_hourly_forecast_Hamburg in 0.005s"}
